{
    "NumSlots": 4,
    "Frontends": [
        "localhost:34935"
    ],
    "Schedulers": [
        "localhost:34927",
        "localhost:34928",
        "localhost:34929",
        "localhost:34930"
    ],
    "Monitors": [
        "localhost:34931",
        "localhost:34932",
        "localhost:34933",
        "localhost:34934"
    ],
    "Executors": [
        "localhost:35931",
        "localhost:35932",
        "localhost:35933",
        "localhost:35934"
    ]
}
jobCount: 20, taskCount: 25, timeTaken: 16.175938, overhead percent: 4.097736
