{
    "NumSlots": 4,
    "Frontends": [
        "localhost:33519"
    ],
    "Schedulers": [
        "localhost:33511",
        "localhost:33512",
        "localhost:33513",
        "localhost:33514"
    ],
    "Monitors": [
        "localhost:33515",
        "localhost:33516",
        "localhost:33517",
        "localhost:33518"
    ],
    "Executors": [
        "localhost:34515",
        "localhost:34516",
        "localhost:34517",
        "localhost:34518"
    ]
}
jobCount: 20, taskCount: 1, timeTaken: 1.122624, overhead percent: 109.752014
