{
    "NumSlots": 4,
    "Frontends": [
        "localhost:33522"
    ],
    "Schedulers": [
        "localhost:33514",
        "localhost:33515",
        "localhost:33516",
        "localhost:33517"
    ],
    "Monitors": [
        "localhost:33518",
        "localhost:33519",
        "localhost:33520",
        "localhost:33521"
    ],
    "Executors": [
        "localhost:34518",
        "localhost:34519",
        "localhost:34520",
        "localhost:34521"
    ]
}
jobCount: 20, taskCount: 50, timeTaken: 31.063152, overhead percent: 1.666784
