{
    "NumSlots": 4,
    "Frontends": [
        "localhost:31521"
    ],
    "Schedulers": [
        "localhost:31513",
        "localhost:31514",
        "localhost:31515",
        "localhost:31516"
    ],
    "Monitors": [
        "localhost:31517",
        "localhost:31518",
        "localhost:31519",
        "localhost:31520"
    ],
    "Executors": [
        "localhost:32517",
        "localhost:32518",
        "localhost:32519",
        "localhost:32520"
    ]
}
jobCount: 20, taskCount: 5, timeTaken: 3.307777, overhead percent: 7.839417
